"../../../Engine/Content/Functions/Engine_MaterialFunctions01/Opacity/CameraDepthFade.uasset" 0
"../../../Engine/Content/EngineMaterials/T_Default_Material_Grid_M.uasset" 1
"../../../Engine/Content/EngineMaterials/T_Default_Material_Grid_N.uasset" 2
"../../../Engine/Content/EngineMaterials/DefaultMaterial.uasset" 3
"../../../Engine/Content/BasicShapes/Cone.uasset" 4
"../../../Engine/Content/EngineMaterials/WorldGridMaterial.uasset" 5
"../../../Engine/Content/BasicShapes/Cube.uasset" 6
"../../../Engine/Content/BasicShapes/Cylinder.uasset" 7
"../../../Engine/Content/BasicShapes/Sphere.uasset" 8
"../../../Engine/Content/EditorLandscapeResources/DataLayer.uasset" 9
"../../../Engine/Content/EditorMaterials/GizmoMaterial.uasset" 10
"../../../Engine/Content/EditorMaterials/MAT_Groups_Toggle.uasset" 11
"../../../Engine/Content/EditorMaterials/MAT_Groups_Visibility.uasset" 12
"../../../Engine/Content/EditorMaterials/PreviewShadowIndicator.uasset" 13
"../../../Engine/Content/EditorMaterials/PreviewShadowIndicatorMaterial.uasset" 14
"../../../Engine/Content/EditorMaterials/AssetViewer/EpicQuadPanorama_CC+EV1.uasset" 15
"../../../Engine/Content/EditorMaterials/MatineeGroups/MAT_ColorTrack.uasset" 16
"../../../Engine/Content/EditorMaterials/MatineeGroups/MAT_Groups_Anim.uasset" 17
"../../../Engine/Content/EditorMaterials/MatineeGroups/MAT_Groups_AudioMaster.uasset" 18
"../../../Engine/Content/EditorMaterials/MatineeGroups/MAT_Groups_Director.uasset" 19
"../../../Engine/Content/EditorMaterials/MatineeGroups/MAT_Groups_Event.uasset" 20
"../../../Engine/Content/EditorMaterials/MatineeGroups/MAT_Groups_Fade.uasset" 21
"../../../Engine/Content/EditorMaterials/MatineeGroups/MAT_Groups_Float.uasset" 22
"../../../Engine/Content/EditorMaterials/MatineeGroups/MAT_Groups_Move.uasset" 23
"../../../Engine/Content/EditorMaterials/MatineeGroups/MAT_Groups_Slomo.uasset" 24
"../../../Engine/Content/EditorMaterials/MatineeGroups/MAT_Groups_Sound.uasset" 25
"../../../Engine/Content/EditorMaterials/MatineeGroups/MAT_Groups_Vector.uasset" 26
"../../../Engine/Content/EditorMaterials/ParticleSystems/PSysThumbnail_NoImage.uasset" 27
"../../../Engine/Content/EditorMaterials/ParticleSystems/PSysThumbnail_OOD.uasset" 28
"../../../Engine/Content/EditorMaterials/Camera/CineMat.uasset" 29
"../../../Engine/Content/EditorMaterials/Camera/MI_CineMat_Rig.uasset" 30
"../../../Engine/Content/EditorMeshes/Camera/SM_CraneRig_Arm.uasset" 31
"../../../Engine/Content/EditorMeshes/Camera/SM_CraneRig_Base.uasset" 32
"../../../Engine/Content/EditorMeshes/Camera/SM_CraneRig_Body.uasset" 33
"../../../Engine/Content/EditorMeshes/Camera/SM_CraneRig_Mount.uasset" 34
"../../../Engine/Content/EditorMeshes/Camera/SM_RailRig_Mount.uasset" 35
"../../../Engine/Content/EditorMeshes/Camera/SM_RailRig_Track.uasset" 36
"../../../Engine/Content/EditorMeshes/ColorCalibrator/M_ChromeBall.uasset" 37
"../../../Engine/Content/EditorMeshes/ColorCalibrator/M_ClearCoat.uasset" 38
"../../../Engine/Content/EditorMeshes/ColorCalibrator/M_ClearCoatBlack.uasset" 39
"../../../Engine/Content/EditorMeshes/ColorCalibrator/T_ColorGrid.uasset" 40
"../../../Engine/Content/EditorMeshes/ColorCalibrator/M_ColorGrid.uasset" 41
"../../../Engine/Content/EditorMeshes/ColorCalibrator/M_GreyBall.uasset" 42
"../../../Engine/Content/EditorMeshes/ColorCalibrator/SM_ColorCalibrator.uasset" 43
"../../../Engine/Content/EditorResources/BSPVertex.uasset" 44
"../../../Engine/Content/EditorResources/RGBTable16x1_AssetViewer.uasset" 45
"../../../Engine/Content/EditorResources/S_Actor.uasset" 46
"../../../Engine/Content/EditorResources/S_Trigger.uasset" 47
"../../../Engine/Content/EditorResources/SequenceRecorder/Countdown.uasset" 48
"../../../Engine/Content/EditorResources/SequenceRecorder/RecordingIndicator.uasset" 49
"../../../Engine/Content/EditorSounds/Notifications/CompileFailed.uasset" 50
"../../../Engine/Content/EditorSounds/Notifications/CompileFailed_Cue.uasset" 51
"../../../Engine/Content/EditorSounds/Notifications/CompileSuccess.uasset" 52
"../../../Engine/Content/EditorSounds/Notifications/CompileStart_Cue.uasset" 53
"../../../Engine/Content/EditorSounds/Notifications/CompileSuccess_Cue.uasset" 54
"../../../Engine/Content/EngineDamageTypes/DmgTypeBP_Environmental.uasset" 55
"../../../Engine/Content/EngineDebugMaterials/HeatmapGradient.uasset" 56
"../../../Engine/Content/EngineDebugMaterials/BoneWeightMaterial.uasset" 57
"../../../Engine/Content/EngineDebugMaterials/DebugMeshMaterial.uasset" 58
"../../../Engine/Content/EngineDebugMaterials/GeomMaterial.uasset" 59
"../../../Engine/Content/EngineFonts/Roboto.uasset" 60
"../../../Engine/Content/EngineFonts/RobotoTiny.uasset" 61
"../../../Engine/Content/EngineMaterials/DefaultBokeh.uasset" 62
"../../../Engine/Content/EngineMaterials/DefaultDiffuse.uasset" 63
"../../../Engine/Content/EngineMaterials/DefaultDeferredDecalMaterial.uasset" 64
"../../../Engine/Content/EngineMaterials/DefaultLightFunctionMaterial.uasset" 65
"../../../Engine/Content/EngineMaterials/DefaultPhysicalMaterial.uasset" 66
"../../../Engine/Content/Functions/Engine_MaterialFunctions02/Utility/BreakOutFloat2Components.uasset" 67
"../../../Engine/Content/EngineMaterials/DefaultPostProcessMaterial.uasset" 68
"../../../Engine/Content/EngineFonts/RobotoDistanceField.uasset" 69
"../../../Engine/Content/EngineMaterials/DefaultTextMaterialOpaque.uasset" 70
"../../../Engine/Content/EngineMaterials/DefaultWhiteGrid.uasset" 71
"../../../Engine/Content/EngineMaterials/EditorBrushMaterial.uasset" 72
"../../../Engine/Content/EngineMaterials/Good64x64TilingNoiseHighFreq.uasset" 73
"../../../Engine/Content/EngineMaterials/MiniFont.uasset" 74
"../../../Engine/Content/EngineMaterials/InvalidLightmapSettings.uasset" 75
"../../../Engine/Content/EngineMaterials/M_InvalidLightmapSettings.uasset" 76
"../../../Engine/Content/EngineMaterials/PhAT_JointLimitMaterial.uasset" 77
"../../../Engine/Content/EngineMaterials/PreintegratedSkinBRDF.uasset" 78
"../../../Engine/Content/EngineMaterials/RemoveSurfaceMaterial.uasset" 79
"../../../Engine/Content/EngineMaterials/WeightMapPlaceholderTexture.uasset" 80
"../../../Engine/Content/EngineResources/WhiteSquareTexture.uasset" 81
"../../../Engine/Content/EngineMaterials/Widget3DPassThrough.uasset" 82
"../../../Engine/Content/EngineMaterials/Widget3DPassThrough_Masked.uasset" 83
"../../../Engine/Content/EngineMaterials/Widget3DPassThrough_Opaque.uasset" 84
"../../../Engine/Content/EngineMaterials/Widget3DPassThrough_Masked_OneSided.uasset" 85
"../../../Engine/Content/EngineMaterials/Widget3DPassThrough_Opaque_OneSided.uasset" 86
"../../../Engine/Content/EngineMaterials/Widget3DPassThrough_Translucent.uasset" 87
"../../../Engine/Content/EngineMaterials/Widget3DPassThrough_Translucent_OneSided.uasset" 88
"../../../Engine/Content/EngineMeshes/Cube.uasset" 89
"../../../Engine/Content/EngineMeshes/Cylinder.uasset" 90
"../../../Engine/Content/EngineMeshes/Sphere.uasset" 91
"../../../Engine/Content/EngineResources/AICON-Green.uasset" 92
"../../../Engine/Content/EngineResources/AICON-Red.uasset" 93
"../../../Engine/Content/EngineResources/Black.uasset" 94
"../../../Engine/Content/EngineResources/DefaultTexture.uasset" 95
"../../../Engine/Content/EngineResources/DefaultTextureCube.uasset" 96
"../../../Engine/Content/EngineResources/GradientTexture0.uasset" 97
"../../../Engine/Content/EngineSounds/Master.uasset" 98
"../../../Engine/Content/EngineSounds/MasterSubmix.uasset" 99
"../../../Engine/Content/EngineTireTypes/DefaultTireType.uasset" 100
"../../../Engine/Content/Functions/Engine_MaterialFunctions01/Shading/ConvertFromDiffSpec.uasset" 101
"../../../Engine/Content/Functions/Engine_MaterialFunctions01/Shading/PowerToRoughness.uasset" 102
"../../../Engine/Content/Maps/Templates/Thumbnails/Default.uasset" 103
"../../../Engine/Content/Maps/Templates/Thumbnails/VR-Basic.uasset" 104
"../../../Engine/Content/MobileResources/T_MobileControls_texture.uasset" 105
"../../../Engine/Content/MobileResources/T_MobileMenu2.uasset" 106
"../../../Engine/Content/MobileResources/HUD/AnalogHat.uasset" 107
"../../../Engine/Content/MobileResources/HUD/VirtualJoystick_Background.uasset" 108
"../../../Engine/Content/MobileResources/HUD/VirtualJoystick_Thumb.uasset" 109
"../../../Engine/Content/MobileResources/HUD/DefaultVirtualJoysticks.uasset" 110
"../../../Engine/Content/MobileResources/HUD/LeftVirtualJoystickOnly.uasset" 111
"../../../Engine/Content/MobileResources/HUD/MobileHUDButton1_off.uasset" 112
"../../../Engine/Content/MobileResources/HUD/MobileHUDButton1_on.uasset" 113
"../../../Engine/Content/MobileResources/HUD/MobileHUDButton2_off.uasset" 114
"../../../Engine/Content/MobileResources/HUD/MobileHUDButton2_on.uasset" 115
"../../../Engine/Content/MobileResources/HUD/MobileHUDButton3.uasset" 116
"../../../Engine/Content/MobileResources/HUD/MobileHUDButtonFire.uasset" 117
"../../../Engine/Content/MobileResources/HUD/MobileHUDDirectionPad.uasset" 118
"../../../Engine/Content/MobileResources/HUD/MobileHUDDirectionPad2.uasset" 119
"../../../Engine/Content/MobileResources/HUD/MobileHUDDirectionPad3.uasset" 120
"../../../Engine/Content/MobileResources/HUD/MobileHUDDirectionStick.uasset" 121
"../../../Engine/Content/MobileResources/HUD/T_Castle_ThumbstickInner.uasset" 122
"../../../Engine/Content/MobileResources/HUD/T_Castle_ThumbstickOutter.uasset" 123
"../../../Engine/Content/Tutorial/ContentIntroCurve.uasset" 124
"../../../Engine/Content/Tutorial/Basics/TutorialAssets/icon_tab_Levels_40x.uasset" 125
"../../../Engine/Content/Tutorial/BlueprintTutorials/TutorialAssets/BlueprintInterface_64x.uasset" 126
"../../../Engine/Content/Tutorial/BlueprintTutorials/TutorialAssets/BlueprintMacroLibrary_64x.uasset" 127
"../../../Engine/Content/Tutorial/BlueprintTutorials/TutorialAssets/Blueprint_64x.uasset" 128
"../../../Engine/Content/Tutorial/BlueprintTutorials/TutorialAssets/Tutorial_BP_Interface.uasset" 129
"../../../Engine/Content/Tutorial/Foliage/TutorialAssets/Foliage.uasset" 130
"../../../Engine/Content/Tutorial/Landscape/TutorialAssets/Landscape.uasset" 131
"../../../Engine/Content/Tutorial/Mobile/TutorialAssets/android_Icon.uasset" 132
"../../../Engine/Content/Tutorial/Paper2D/TutorialAssets/Paper2DFlipbook_TutorialIcon.uasset" 133
"../../../Engine/Content/Tutorial/Paper2D/TutorialAssets/Paper2DSprite_TutorialIcon.uasset" 134
"../../../Engine/Content/Tutorial/SubEditors/TutorialAssets/icon_Editor_Preferences_General_40x.uasset" 135
"../../../Engine/Content/Tutorial/SubEditors/TutorialAssets/icon_ShowSkeletalMeshes_40x.uasset" 136
"../../../Engine/Content/Tutorial/SubEditors/TutorialAssets/TutorialMaterial.uasset" 137
"../../../Engine/Content/Tutorial/SubEditors/TutorialAssets/T_SmokeSubUV_8X8.uasset" 138
"../../../Engine/Content/Tutorial/SubEditors/TutorialAssets/T_soft_smoke.uasset" 139
"../../../Engine/Content/Tutorial/SubEditors/TutorialAssets/M_smoke_subUV_blackbody.uasset" 140
"../../../Engine/Content/Tutorial/SubEditors/TutorialAssets/TutorialParticleSystem.uasset" 141
"../../../Engine/Content/EditorMeshes/EditorCube.uasset" 142
"../../../Engine/Content/Tutorial/SubEditors/TutorialAssets/Tutorial_DM.uasset" 143
"../../../Engine/Content/VREditor/Devices/Generic/GenericHMDMaterial.uasset" 144
"../../../Engine/Content/VREditor/Devices/Generic/GenericHMD.uasset" 145
"../../../Engine/Content/VREditor/FloatingText/LineMaterial.uasset" 146
"../../../Engine/Content/VREditor/FloatingText/JointSphere.uasset" 147
"../../../Engine/Content/VREditor/FloatingText/LineSegmentCylinder.uasset" 148
"../../../Engine/Content/VREditor/Fonts/VRText_RobotoLarge.uasset" 149
"../../../Engine/Content/VREditor/Fonts/VRTextMaterial.uasset" 150
"../../../Engine/Content/VREditor/Fonts/TranslucentVRTextMaterial.uasset" 151
"../../../Engine/Content/VREditor/LaserPointer/VR_LaserPower_01.uasset" 152
"../../../Engine/Content/VREditor/LaserPointer/LaserPointerMaterial.uasset" 153
"../../../Engine/Content/VREditor/LaserPointer/LaserPointerMaterialInst.uasset" 154
"../../../Engine/Content/VREditor/LaserPointer/TranslucentLaserPointerMaterialInst.uasset" 155
"../../../Engine/Content/VREditor/LaserPointer/LaserPointerMesh.uasset" 156
"../../../Engine/Content/VREditor/Sounds/VR_grab_Cue.uasset" 157
"../../../Engine/Content/VREditor/Sounds/VR_teleport_Cue.uasset" 158
"../../../Engine/Content/VREditor/TransformGizmo/TransformGizmoMaterial.uasset" 159
"../../../Engine/Content/VREditor/TransformGizmo/TranslucentTransformGizmoMaterial.uasset" 160
"../../../Engine/Content/VREditor/TransformGizmo/BoundingBoxCorner.uasset" 161
"../../../Engine/Content/VREditor/TransformGizmo/BoundingBoxEdge.uasset" 162
"../../../Engine/Content/VREditor/TransformGizmo/PlaneTranslationHandle.uasset" 163
"../../../Engine/Content/VREditor/TransformGizmo/RotationHandle.uasset" 164
"../../../Engine/Content/VREditor/TransformGizmo/RotationHandleFull.uasset" 165
"../../../Engine/Content/VREditor/TransformGizmo/StretchingHandle.uasset" 166
"../../../Engine/Content/VREditor/TransformGizmo/TranslateHandleLong.uasset" 167
"../../../Engine/Content/VREditor/TransformGizmo/TranslationHandle.uasset" 168
"../../../Engine/Content/VREditor/TransformGizmo/UniformScaleHandle.uasset" 169
"../../../Engine/Content/VREditor/UI/CloseButtonMesh.uasset" 170
"../../../Engine/Content/VREditor/UI/SelectionBarMesh.uasset" 171
"../../../Engine/Content/Functions/Engine_MaterialFunctions01/Gradient/RadialGradient.uasset" 172
"../../../Engine/Content/VREditor/WorldMovementGrid/SimpleGrid.uasset" 173
"../../../Engine/Content/VREditor/WorldMovementGrid/GridMaterial.uasset" 174
"../../../Engine/Content/Functions/Engine_MaterialFunctions01/Density/ExponentialDensity.uasset" 175
"../../../Engine/Content/VREditor/WorldMovementGrid/GridPostProcess.uasset" 176
"../../../Engine/Content/EditorLandscapeResources/FlattenHeightMat.uasset" 177
"../../../Engine/Content/VREditor/WorldMovementGrid/PlaneMesh.uasset" 178
"../../../Engine/Plugins/2D/Paper2D/Content/DummySprite.uasset" 179
"../../../Engine/Plugins/2D/Paper2D/Content/DefaultPaperTerrainMaterial.uasset" 180
"../../../Engine/Plugins/2D/Paper2D/Content/DefaultSpriteMaterial.uasset" 181
"../../../Engine/Plugins/2D/Paper2D/Content/MaskedUnlitSpriteMaterial.uasset" 182
"../../../Engine/Plugins/2D/Paper2D/Content/OpaqueUnlitSpriteMaterial.uasset" 183
"../../../Engine/Plugins/2D/Paper2D/Content/PlaceholderTextures/DummySpriteTexture.uasset" 184
"../../../Engine/Content/EditorBlueprintResources/StandardMacros.uasset" 185
"../../../Engine/Content/EditorBlueprintResources/ActorMacros.uasset" 186
"../../../SuperFighter/Content/BLUEPRINTS/Physics/SPHitBoxBP.uasset" 187
"../../../SuperFighter/Content/ASSETS/Character/Sayian/Res/Char_3_No_Armor.uasset" 188
"../../../SuperFighter/Content/ASSETS/Character/Sayian/Sprites/Char_3_No_Armor_Sprite_61.uasset" 189
"../../../SuperFighter/Content/ASSETS/Character/Sayian/Sprites/Char_3_No_Armor_Sprite_62.uasset" 190
"../../../SuperFighter/Content/ASSETS/Character/Sayian/Sprites/Char_3_No_Armor_Sprite_63.uasset" 191
"../../../Engine/Plugins/2D/Paper2D/Content/TranslucentUnlitSpriteMaterial.uasset" 192
"../../../SuperFighter/Content/ASSETS/Character/Sayian/Sprites/Char_3_No_Armor_Sprite_64.uasset" 193
"../../../SuperFighter/Content/ASSETS/Character/Sayian/Flipbooks/SayianFInisher1.uasset" 194
"../../../SuperFighter/Content/ASSETS/Character/Sayian/Sprites/Char_3_No_Armor_Sprite_39.uasset" 195
"../../../SuperFighter/Content/ASSETS/Character/Sayian/Sprites/Char_3_No_Armor_Sprite_40.uasset" 196
"../../../SuperFighter/Content/ASSETS/Character/Sayian/Flipbooks/SayianLightAttck2.uasset" 197
"../../../SuperFighter/Content/ASSETS/Character/Sayian/Sprites/Char_3_No_Armor_Sprite_35.uasset" 198
"../../../SuperFighter/Content/ASSETS/Character/Sayian/Sprites/Char_3_No_Armor_Sprite_36.uasset" 199
"../../../SuperFighter/Content/ASSETS/Character/Sayian/Sprites/Char_3_No_Armor_Sprite_37.uasset" 200
"../../../SuperFighter/Content/ASSETS/Character/Sayian/Flipbooks/SayianSideLightAttack.uasset" 201
"../../../SuperFighter/Content/ASSETS/Character/SomaCruz/Res/Sprite_Sheet.uasset" 202
"../../../SuperFighter/Content/ASSETS/Character/SomaCruz/Sprites/Sprite_Sheet_SomaCruz_237.uasset" 203
"../../../SuperFighter/Content/ASSETS/Character/SomaCruz/Sprites/Sprite_Sheet_SomaCruz_238.uasset" 204
"../../../SuperFighter/Content/ASSETS/Character/SomaCruz/Sprites/Sprite_Sheet_SomaCruz_239.uasset" 205
"../../../SuperFighter/Content/ASSETS/Character/SomaCruz/Flipbooks/SomaCruzDefence.uasset" 206
"../../../SuperFighter/Content/ASSETS/Character/SomaCruz/Sprites/Sprite_Sheet_SomaCruz_205.uasset" 207
"../../../SuperFighter/Content/ASSETS/Character/SomaCruz/Sprites/Sprite_Sheet_SomaCruz_206.uasset" 208
"../../../SuperFighter/Content/ASSETS/Character/SomaCruz/Sprites/Sprite_Sheet_SomaCruz_207.uasset" 209
"../../../SuperFighter/Content/ASSETS/Character/SomaCruz/Sprites/Sprite_Sheet_SomaCruz_208.uasset" 210
"../../../SuperFighter/Content/ASSETS/Character/SomaCruz/Sprites/Sprite_Sheet_SomaCruz_209.uasset" 211
"../../../SuperFighter/Content/ASSETS/Character/SomaCruz/Sprites/Sprite_Sheet_SomaCruz_210.uasset" 212
"../../../SuperFighter/Content/ASSETS/Character/SomaCruz/Sprites/Sprite_Sheet_SomaCruz_211.uasset" 213
"../../../SuperFighter/Content/ASSETS/Character/SomaCruz/Sprites/Sprite_Sheet_SomaCruz_212.uasset" 214
"../../../SuperFighter/Content/ASSETS/Character/SomaCruz/Sprites/Sprite_Sheet_SomaCruz_213.uasset" 215
"../../../SuperFighter/Content/ASSETS/Character/SomaCruz/Sprites/Sprite_Sheet_SomaCruz_214.uasset" 216
"../../../SuperFighter/Content/ASSETS/Character/SomaCruz/Sprites/Sprite_Sheet_SomaCruz_215.uasset" 217
"../../../SuperFighter/Content/ASSETS/Character/SomaCruz/Flipbooks/SomaCruzIdle.uasset" 218
"../../../SuperFighter/Content/ASSETS/Character/SomaCruz/Sprites/Sprite_Sheet_SomaCruz_268.uasset" 219
"../../../SuperFighter/Content/ASSETS/Character/SomaCruz/Sprites/Sprite_Sheet_SomaCruz_269.uasset" 220
"../../../SuperFighter/Content/ASSETS/Character/SomaCruz/Sprites/Sprite_Sheet_SomaCruz_270.uasset" 221
"../../../SuperFighter/Content/ASSETS/Character/SomaCruz/Flipbooks/SomaCruzIdleAir.uasset" 222
"../../../SuperFighter/Content/ASSETS/Character/SomaCruz/Sprites/Sprite_Sheet_SomaCruz_296.uasset" 223
"../../../SuperFighter/Content/ASSETS/Character/SomaCruz/Flipbooks/SomaCruzJump.uasset" 224
"../../../SuperFighter/Content/ASSETS/Character/SomaCruz/Sprites/Sprite_Sheet_SomaCruz_342.uasset" 225
"../../../SuperFighter/Content/ASSETS/Character/SomaCruz/Sprites/Sprite_Sheet_SomaCruz_343.uasset" 226
"../../../SuperFighter/Content/ASSETS/Character/SomaCruz/Sprites/Sprite_Sheet_SomaCruz_344.uasset" 227
"../../../SuperFighter/Content/ASSETS/Character/SomaCruz/Sprites/Sprite_Sheet_SomaCruz_345.uasset" 228
"../../../SuperFighter/Content/ASSETS/Character/SomaCruz/Sprites/Sprite_Sheet_SomaCruz_346.uasset" 229
"../../../SuperFighter/Content/ASSETS/Character/SomaCruz/Sprites/Sprite_Sheet_SomaCruz_347.uasset" 230
"../../../SuperFighter/Content/ASSETS/Character/SomaCruz/Sprites/Sprite_Sheet_SomaCruz_348.uasset" 231
"../../../SuperFighter/Content/ASSETS/Character/SomaCruz/Sprites/Sprite_Sheet_SomaCruz_349.uasset" 232
"../../../SuperFighter/Content/ASSETS/Character/SomaCruz/Sprites/Sprite_Sheet_SomaCruz_350.uasset" 233
"../../../SuperFighter/Content/ASSETS/Character/SomaCruz/Sprites/Sprite_Sheet_SomaCruz_351.uasset" 234
"../../../SuperFighter/Content/ASSETS/Character/SomaCruz/Sprites/Sprite_Sheet_SomaCruz_352.uasset" 235
"../../../SuperFighter/Content/ASSETS/Character/SomaCruz/Flipbooks/SomaCruzLightAttack.uasset" 236
"../../../SuperFighter/Content/ASSETS/Character/SomaCruz/Sprites/Sprite_Sheet_SomaCruz_367.uasset" 237
"../../../SuperFighter/Content/ASSETS/Character/SomaCruz/Sprites/Sprite_Sheet_SomaCruz_368.uasset" 238
"../../../SuperFighter/Content/ASSETS/Character/SomaCruz/Sprites/Sprite_Sheet_SomaCruz_369.uasset" 239
"../../../SuperFighter/Content/ASSETS/Character/SomaCruz/Sprites/Sprite_Sheet_SomaCruz_370.uasset" 240
"../../../SuperFighter/Content/ASSETS/Character/SomaCruz/Flipbooks/SomaCruzLightAttackStrongAttack.uasset" 241
"../../../SuperFighter/Content/ASSETS/Character/SomaCruz/Sprites/Sprite_Sheet_SomaCruz_371.uasset" 242
"../../../SuperFighter/Content/ASSETS/Character/SomaCruz/Sprites/Sprite_Sheet_SomaCruz_372.uasset" 243
"../../../SuperFighter/Content/ASSETS/Character/SomaCruz/Sprites/Sprite_Sheet_SomaCruz_375.uasset" 244
"../../../SuperFighter/Content/ASSETS/Character/SomaCruz/Sprites/Sprite_Sheet_SomaCruz_376.uasset" 245
"../../../SuperFighter/Content/ASSETS/Character/SomaCruz/Sprites/Sprite_Sheet_SomaCruz_377.uasset" 246
"../../../SuperFighter/Content/ASSETS/Character/SomaCruz/Flipbooks/SomaCruzLightStrongAttack2.uasset" 247
"../../../SuperFighter/Content/ASSETS/Character/SomaCruz/Sprites/Sprite_Sheet_SomaCruz_216.uasset" 248
"../../../SuperFighter/Content/ASSETS/Character/SomaCruz/Sprites/Sprite_Sheet_SomaCruz_217.uasset" 249
"../../../SuperFighter/Content/ASSETS/Character/SomaCruz/Sprites/Sprite_Sheet_SomaCruz_219.uasset" 250
"../../../SuperFighter/Content/ASSETS/Character/SomaCruz/Sprites/Sprite_Sheet_SomaCruz_221.uasset" 251
"../../../SuperFighter/Content/ASSETS/Character/SomaCruz/Sprites/Sprite_Sheet_SomaCruz_222.uasset" 252
"../../../SuperFighter/Content/ASSETS/Character/SomaCruz/Sprites/Sprite_Sheet_SomaCruz_223.uasset" 253
"../../../SuperFighter/Content/ASSETS/Character/SomaCruz/Sprites/Sprite_Sheet_SomaCruz_225.uasset" 254
"../../../SuperFighter/Content/ASSETS/Character/SomaCruz/Sprites/Sprite_Sheet_SomaCruz_227.uasset" 255
"../../../SuperFighter/Content/ASSETS/Character/SomaCruz/Flipbooks/SomaCruzRun.uasset" 256
"../../../SuperFighter/Content/ASSETS/Character/SomaCruz/Sprites/Sprite_Sheet_SomaCruz_248.uasset" 257
"../../../SuperFighter/Content/ASSETS/Character/SomaCruz/Sprites/Sprite_Sheet_SomaCruz_249.uasset" 258
"../../../SuperFighter/Content/ASSETS/Character/SomaCruz/Sprites/Sprite_Sheet_SomaCruz_250.uasset" 259
"../../../SuperFighter/Content/ASSETS/Character/SomaCruz/Sprites/Sprite_Sheet_SomaCruz_251.uasset" 260
"../../../SuperFighter/Content/ASSETS/Character/SomaCruz/Sprites/Sprite_Sheet_SomaCruz_252.uasset" 261
"../../../SuperFighter/Content/ASSETS/Character/SomaCruz/Sprites/Sprite_Sheet_SomaCruz_253.uasset" 262
"../../../SuperFighter/Content/ASSETS/Character/SomaCruz/Sprites/Sprite_Sheet_SomaCruz_254.uasset" 263
"../../../SuperFighter/Content/ASSETS/Character/SomaCruz/Sprites/Sprite_Sheet_SomaCruz_255.uasset" 264
"../../../SuperFighter/Content/ASSETS/Character/SomaCruz/Flipbooks/SomaCruzSideDash.uasset" 265
"../../../SuperFighter/Content/ASSETS/Character/SomaCruz/Sprites/Sprite_Sheet_SomaCruz_232.uasset" 266
"../../../SuperFighter/Content/ASSETS/Character/SomaCruz/Sprites/Sprite_Sheet_SomaCruz_233.uasset" 267
"../../../SuperFighter/Content/ASSETS/Character/SomaCruz/Sprites/Sprite_Sheet_SomaCruz_235.uasset" 268
"../../../SuperFighter/Content/ASSETS/Character/SomaCruz/Flipbooks/SomaCruzSideDashAir.uasset" 269
"../../../SuperFighter/Content/ASSETS/Character/SomaCruz/Sprites/Sprite_Sheet_SomaCruz_240.uasset" 270
"../../../SuperFighter/Content/ASSETS/Character/SomaCruz/Sprites/Sprite_Sheet_SomaCruz_241.uasset" 271
"../../../SuperFighter/Content/ASSETS/Character/SomaCruz/Sprites/Sprite_Sheet_SomaCruz_242.uasset" 272
"../../../SuperFighter/Content/ASSETS/Character/SomaCruz/Sprites/Sprite_Sheet_SomaCruz_243.uasset" 273
"../../../SuperFighter/Content/ASSETS/Character/SomaCruz/Flipbooks/SomaCruzSpotDodge.uasset" 274
"../../../SuperFighter/Content/ASSETS/Character/SomaCruz/Sprites/Sprite_Sheet_SomaCruz_228.uasset" 275
"../../../SuperFighter/Content/ASSETS/Character/SomaCruz/Sprites/Sprite_Sheet_SomaCruz_229.uasset" 276
"../../../SuperFighter/Content/ASSETS/Character/SomaCruz/Sprites/Sprite_Sheet_SomaCruz_230.uasset" 277
"../../../SuperFighter/Content/ASSETS/Character/SomaCruz/Sprites/Sprite_Sheet_SomaCruz_231.uasset" 278
"../../../SuperFighter/Content/ASSETS/Character/SomaCruz/Flipbooks/SomaCruzVerticalDash.uasset" 279
"../../../SuperFighter/Content/ASSETS/Character/SomaCruz/Flipbooks/SomaCruzWalk.uasset" 280
"../../../SuperFighter/Content/BLUEPRINTS/WORLDSETTINGS/SomaCruz.uasset" 281
"../../../SuperFighter/Content/BLUEPRINTS/WORLDSETTINGS/SPServerCouchPawnBP.uasset" 282
"../../../SuperFighter/Content/BLUEPRINTS/HUD/PlayerControll/LeftVirtualJoystickOnly.uasset" 283
"../../../SuperFighter/Content/BLUEPRINTS/WORLDSETTINGS/SPPlayerControllerBP.uasset" 284
"../../../SuperFighter/Content/ASSETS/Character/Sayian/Sprites/Char_3_No_Armor_Sprite_44.uasset" 285
"../../../SuperFighter/Content/ASSETS/Character/Sayian/Flipbooks/SayianDefence1.uasset" 286
"../../../SuperFighter/Content/ASSETS/Character/Sayian/Sprites/Char_3_No_Armor_Sprite_0.uasset" 287
"../../../SuperFighter/Content/ASSETS/Character/Sayian/Flipbooks/SayianIdle1.uasset" 288
"../../../SuperFighter/Content/ASSETS/Character/Sayian/Sprites/Char_3_No_Armor_Sprite_16.uasset" 289
"../../../SuperFighter/Content/ASSETS/Character/Sayian/Sprites/Char_3_No_Armor_Sprite_41.uasset" 290
"../../../SuperFighter/Content/ASSETS/Character/Sayian/Flipbooks/SayianJump1.uasset" 291
"../../../SuperFighter/Content/ASSETS/Character/Sayian/Sprites/Char_3_No_Armor_Sprite_20.uasset" 292
"../../../SuperFighter/Content/ASSETS/Character/Sayian/Flipbooks/SayianRun1.uasset" 293
"../../../SuperFighter/Content/ASSETS/Character/Sayian/Sprites/Char_3_No_Armor_Sprite_52.uasset" 294
"../../../SuperFighter/Content/ASSETS/Character/Sayian/Flipbooks/SayianSideDash1.uasset" 295
"../../../SuperFighter/Content/ASSETS/Character/Sayian/Sprites/Char_3_No_Armor_Sprite_12.uasset" 296
"../../../SuperFighter/Content/ASSETS/Character/Sayian/Sprites/Char_3_No_Armor_Sprite_13.uasset" 297
"../../../SuperFighter/Content/ASSETS/Character/Sayian/Flipbooks/SayianSpotDodge1.uasset" 298
"../../../SuperFighter/Content/ASSETS/Character/Sayian/Sprites/Char_3_No_Armor_Sprite_7.uasset" 299
"../../../SuperFighter/Content/ASSETS/Character/Sayian/Flipbooks/SayianVerticalDash1.uasset" 300
"../../../SuperFighter/Content/ASSETS/Character/Sayian/Sprites/Char_3_No_Armor_Sprite_19.uasset" 301
"../../../SuperFighter/Content/ASSETS/Character/Sayian/Flipbooks/SayianWalk1.uasset" 302
"../../../SuperFighter/Content/BLUEPRINTS/WORLDSETTINGS/SPPawnBP.uasset" 303
"../../../SuperFighter/Content/BLUEPRINTS/HUD/PlayerControll/PlayerButtons.uasset" 304
"../../../SuperFighter/Content/BLUEPRINTS/HUD/SPMainHUD.uasset" 305
"../../../SuperFighter/Content/BLUEPRINTS/WORLDSETTINGS/SPHUDBP.uasset" 306
"../../../SuperFighter/Content/BLUEPRINTS/WORLDSETTINGS/SuperFighterGameModeBaseBP.uasset" 307
"../../../SuperFighter/Content/Arena1_BuiltData.uasset" 308
"../../../SuperFighter/Content/Arena1.umap" 309
"../../../SuperFighter/Content/ASSETS/RAW/map_imape.uasset" 310
"../../../SuperFighter/Content/ASSETS/SPIRTES/groundbox.uasset" 311
"../../../SuperFighter/Content/ASSETS/FLIPBOOKS/groundbox_Flipbook.uasset" 312
"../../../SuperFighter/Content/BLUEPRINTS/Objects/Ground.uasset" 313
"../../../SuperFighter/Content/FightMap1_BuiltData.uasset" 314
"../../../SuperFighter/Content/FightMap1.umap" 315
"../../../SuperFighter/Content/MainMenu.umap" 316
"../../../Engine/Content/Maps/Entry.umap" 317
